<?xml version="1.0" encoding="UTF-8"?>
<!-- Generated by org.testng.reporters.JUnitReportReporter -->
<testsuite hostname="santhosh" failures="0" tests="3" name="com.Ecommerce.instasnap.ProductTest.VerifyKidsProduct" time="0.027" errors="0" timestamp="2024-11-07T16:19:52 IST" skipped="0">
  <testcase classname="com.Ecommerce.instasnap.ProductTest.VerifyKidsProduct" name="createProduct" time="0.015"/>
  <system-out>
    <![CDATA[kids product created]]>
  </system-out>
  <testcase classname="com.Ecommerce.instasnap.ProductTest.VerifyKidsProduct" name="updateProduct" time="0.007"/>
  <system-out>
    <![CDATA[kids product updated]]>
  </system-out>
  <testcase classname="com.Ecommerce.instasnap.ProductTest.VerifyKidsProduct" name="updateProduct" time="0.005"/>
  <system-out>
    <![CDATA[kids product updated]]>
  </system-out>
</testsuite> <!-- com.Ecommerce.instasnap.ProductTest.VerifyKidsProduct -->
