<?xml version="1.0" encoding="UTF-8"?>
<!-- Generated by org.testng.reporters.JUnitReportReporter -->
<testsuite hostname="santhosh" failures="0" tests="3" name="com.Ecommerce.instasnap.ProductTest.VerifyElectronicProduct" time="0.016" errors="0" timestamp="2024-11-07T16:19:52 IST" skipped="0">
  <testcase classname="com.Ecommerce.instasnap.ProductTest.VerifyElectronicProduct" name="createProduct" time="0.006"/>
  <system-out>
    <![CDATA[Electronic product created]]>
  </system-out>
  <testcase classname="com.Ecommerce.instasnap.ProductTest.VerifyElectronicProduct" name="updateProduct" time="0.004"/>
  <system-out>
    <![CDATA[Electronic product updated]]>
  </system-out>
  <testcase classname="com.Ecommerce.instasnap.ProductTest.VerifyElectronicProduct" name="updateProduct" time="0.006"/>
  <system-out>
    <![CDATA[Electronic product updated]]>
  </system-out>
</testsuite> <!-- com.Ecommerce.instasnap.ProductTest.VerifyElectronicProduct -->
