<?xml version="1.0" encoding="UTF-8"?>
<!-- Generated by org.testng.reporters.JUnitReportReporter -->
<testsuite hostname="santhosh" failures="0" tests="1" name="Demo.DemoTest" time="47.077" errors="0" timestamp="2024-11-06T16:11:27 IST" skipped="0">
  <testcase classname="Demo.DemoTest" name="verify" time="47.077"/>
  <system-out/>
</testsuite> <!-- Demo.DemoTest -->
